[0.876s] DEBUG:colcon:Command line arguments: ['/usr/bin/colcon', 'build']
[0.876s] DEBUG:colcon:Parsed command line arguments: Namespace(log_base=None, log_level=None, verb_name='build', build_base='build', install_base='install', merge_install=False, symlink_install=False, test_result_base=None, continue_on_error=False, executor='parallel', parallel_workers=4, event_handlers=None, ignore_user_meta=False, metas=['./colcon.meta'], base_paths=['.'], packages_ignore=None, packages_ignore_regex=None, paths=None, packages_up_to=None, packages_up_to_regex=None, packages_above=None, packages_above_and_dependencies=None, packages_above_depth=None, packages_select_by_dep=None, packages_skip_by_dep=None, packages_skip_up_to=None, packages_select_build_failed=False, packages_skip_build_finished=False, packages_select_test_failures=False, packages_skip_test_passed=False, packages_select=None, packages_skip=None, packages_select_regex=None, packages_skip_regex=None, packages_start=None, packages_end=None, allow_overriding=[], cmake_args=None, cmake_target=None, cmake_target_skip_unavailable=False, cmake_clean_cache=False, cmake_clean_first=False, cmake_force_configure=False, ament_cmake_args=None, catkin_cmake_args=None, catkin_skip_building_tests=False, verb_parser=<colcon_defaults.argument_parser.defaults.DefaultArgumentsDecorator object at 0xffff84b93070>, verb_extension=<colcon_core.verb.build.BuildVerb object at 0xffff84ce8ee0>, main=<bound method BuildVerb.main of <colcon_core.verb.build.BuildVerb object at 0xffff84ce8ee0>>)
[1.836s] Level 1:colcon.colcon_core.package_discovery:discover_packages(colcon_meta) check parameters
[1.837s] Level 1:colcon.colcon_core.package_discovery:discover_packages(recursive) check parameters
[1.837s] Level 1:colcon.colcon_core.package_discovery:discover_packages(ignore) check parameters
[1.837s] Level 1:colcon.colcon_core.package_discovery:discover_packages(path) check parameters
[1.837s] Level 1:colcon.colcon_core.package_discovery:discover_packages(colcon_meta) discover
[1.838s] Level 1:colcon.colcon_core.package_discovery:discover_packages(recursive) discover
[1.838s] INFO:colcon.colcon_core.package_discovery:Crawling recursively for packages in '/home/camel/f112th_2501_camel_rpi4'
[1.838s] Level 1:colcon.colcon_core.package_identification:_identify(.) by extensions ['ignore', 'ignore_ament_install']
[1.839s] Level 1:colcon.colcon_core.package_identification:_identify(.) by extension 'ignore'
[1.839s] Level 1:colcon.colcon_core.package_identification:_identify(.) by extension 'ignore_ament_install'
[1.839s] Level 1:colcon.colcon_core.package_identification:_identify(.) by extensions ['colcon_pkg']
[1.840s] Level 1:colcon.colcon_core.package_identification:_identify(.) by extension 'colcon_pkg'
[1.840s] Level 1:colcon.colcon_core.package_identification:_identify(.) by extensions ['colcon_meta']
[1.840s] Level 1:colcon.colcon_core.package_identification:_identify(.) by extension 'colcon_meta'
[1.840s] Level 1:colcon.colcon_core.package_identification:_identify(.) by extensions ['ros']
[1.840s] Level 1:colcon.colcon_core.package_identification:_identify(.) by extension 'ros'
[1.923s] Level 1:colcon.colcon_core.package_identification:_identify(.) by extensions ['cmake', 'python']
[1.923s] Level 1:colcon.colcon_core.package_identification:_identify(.) by extension 'cmake'
[1.923s] Level 1:colcon.colcon_core.package_identification:_identify(.) by extension 'python'
[1.923s] Level 1:colcon.colcon_core.package_identification:_identify(.) by extensions ['python_setup_py']
[1.923s] Level 1:colcon.colcon_core.package_identification:_identify(.) by extension 'python_setup_py'
[1.924s] Level 1:colcon.colcon_core.package_identification:_identify(build) by extensions ['ignore', 'ignore_ament_install']
[1.924s] Level 1:colcon.colcon_core.package_identification:_identify(build) by extension 'ignore'
[1.924s] Level 1:colcon.colcon_core.package_identification:_identify(build) ignored
[1.925s] Level 1:colcon.colcon_core.package_identification:_identify(install) by extensions ['ignore', 'ignore_ament_install']
[1.925s] Level 1:colcon.colcon_core.package_identification:_identify(install) by extension 'ignore'
[1.926s] Level 1:colcon.colcon_core.package_identification:_identify(install) ignored
[1.926s] Level 1:colcon.colcon_core.package_identification:_identify(log) by extensions ['ignore', 'ignore_ament_install']
[1.926s] Level 1:colcon.colcon_core.package_identification:_identify(log) by extension 'ignore'
[1.926s] Level 1:colcon.colcon_core.package_identification:_identify(log) ignored
[1.927s] Level 1:colcon.colcon_core.package_identification:_identify(resources) by extensions ['ignore', 'ignore_ament_install']
[1.927s] Level 1:colcon.colcon_core.package_identification:_identify(resources) by extension 'ignore'
[1.927s] Level 1:colcon.colcon_core.package_identification:_identify(resources) by extension 'ignore_ament_install'
[1.928s] Level 1:colcon.colcon_core.package_identification:_identify(resources) by extensions ['colcon_pkg']
[1.928s] Level 1:colcon.colcon_core.package_identification:_identify(resources) by extension 'colcon_pkg'
[1.928s] Level 1:colcon.colcon_core.package_identification:_identify(resources) by extensions ['colcon_meta']
[1.928s] Level 1:colcon.colcon_core.package_identification:_identify(resources) by extension 'colcon_meta'
[1.928s] Level 1:colcon.colcon_core.package_identification:_identify(resources) by extensions ['ros']
[1.928s] Level 1:colcon.colcon_core.package_identification:_identify(resources) by extension 'ros'
[1.929s] Level 1:colcon.colcon_core.package_identification:_identify(resources) by extensions ['cmake', 'python']
[1.929s] Level 1:colcon.colcon_core.package_identification:_identify(resources) by extension 'cmake'
[1.929s] Level 1:colcon.colcon_core.package_identification:_identify(resources) by extension 'python'
[1.929s] Level 1:colcon.colcon_core.package_identification:_identify(resources) by extensions ['python_setup_py']
[1.929s] Level 1:colcon.colcon_core.package_identification:_identify(resources) by extension 'python_setup_py'
[1.929s] Level 1:colcon.colcon_core.package_identification:_identify(src) by extensions ['ignore', 'ignore_ament_install']
[1.930s] Level 1:colcon.colcon_core.package_identification:_identify(src) by extension 'ignore'
[1.930s] Level 1:colcon.colcon_core.package_identification:_identify(src) by extension 'ignore_ament_install'
[1.930s] Level 1:colcon.colcon_core.package_identification:_identify(src) by extensions ['colcon_pkg']
[1.930s] Level 1:colcon.colcon_core.package_identification:_identify(src) by extension 'colcon_pkg'
[1.930s] Level 1:colcon.colcon_core.package_identification:_identify(src) by extensions ['colcon_meta']
[1.930s] Level 1:colcon.colcon_core.package_identification:_identify(src) by extension 'colcon_meta'
[1.931s] Level 1:colcon.colcon_core.package_identification:_identify(src) by extensions ['ros']
[1.931s] Level 1:colcon.colcon_core.package_identification:_identify(src) by extension 'ros'
[1.931s] Level 1:colcon.colcon_core.package_identification:_identify(src) by extensions ['cmake', 'python']
[1.931s] Level 1:colcon.colcon_core.package_identification:_identify(src) by extension 'cmake'
[1.932s] Level 1:colcon.colcon_core.package_identification:_identify(src) by extension 'python'
[1.932s] Level 1:colcon.colcon_core.package_identification:_identify(src) by extensions ['python_setup_py']
[1.932s] Level 1:colcon.colcon_core.package_identification:_identify(src) by extension 'python_setup_py'
[1.932s] Level 1:colcon.colcon_core.package_identification:_identify(src/f112th_2501_control_teleop_pi) by extensions ['ignore', 'ignore_ament_install']
[1.933s] Level 1:colcon.colcon_core.package_identification:_identify(src/f112th_2501_control_teleop_pi) by extension 'ignore'
[1.933s] Level 1:colcon.colcon_core.package_identification:_identify(src/f112th_2501_control_teleop_pi) by extension 'ignore_ament_install'
[1.933s] Level 1:colcon.colcon_core.package_identification:_identify(src/f112th_2501_control_teleop_pi) by extensions ['colcon_pkg']
[1.933s] Level 1:colcon.colcon_core.package_identification:_identify(src/f112th_2501_control_teleop_pi) by extension 'colcon_pkg'
[1.933s] Level 1:colcon.colcon_core.package_identification:_identify(src/f112th_2501_control_teleop_pi) by extensions ['colcon_meta']
[1.933s] Level 1:colcon.colcon_core.package_identification:_identify(src/f112th_2501_control_teleop_pi) by extension 'colcon_meta'
[1.934s] Level 1:colcon.colcon_core.package_identification:_identify(src/f112th_2501_control_teleop_pi) by extensions ['ros']
[1.934s] Level 1:colcon.colcon_core.package_identification:_identify(src/f112th_2501_control_teleop_pi) by extension 'ros'
[1.948s] DEBUG:colcon.colcon_core.package_identification:Found ROS schema reference in package manifest in 'src/f112th_2501_control_teleop_pi'
[1.948s] WARNING:colcon.colcon_core.package_identification:Failed to parse ROS package manifest in 'src/f112th_2501_control_teleop_pi': Error(s) in package 'src/f112th_2501_control_teleop_pi/package.xml':
Invalid email "andresfmc223.com" for person "laxted"
[1.948s] Level 1:colcon.colcon_core.package_identification:_identify(src/f112th_2501_control_teleop_pi) by extensions ['cmake', 'python']
[1.949s] Level 1:colcon.colcon_core.package_identification:_identify(src/f112th_2501_control_teleop_pi) by extension 'cmake'
[1.949s] Level 1:colcon.colcon_core.package_identification:_identify(src/f112th_2501_control_teleop_pi) by extension 'python'
[1.950s] DEBUG:colcon.colcon_core.package_identification:Python package in 'src/f112th_2501_control_teleop_pi' passes arguments to the setup() function which requires a different identification extension than 'python'
[1.950s] Level 1:colcon.colcon_core.package_identification:_identify(src/f112th_2501_control_teleop_pi) by extensions ['python_setup_py']
[1.951s] Level 1:colcon.colcon_core.package_identification:_identify(src/f112th_2501_control_teleop_pi) by extension 'python_setup_py'
[2.909s] DEBUG:colcon.colcon_core.package_identification:Package 'src/f112th_2501_control_teleop_pi' with type 'python' and name 'f112th_2501_control_teleop_pi'
[2.910s] Level 1:colcon.colcon_core.package_discovery:discover_packages(recursive) using defaults
[2.910s] Level 1:colcon.colcon_core.package_discovery:discover_packages(ignore) discover
[2.910s] Level 1:colcon.colcon_core.package_discovery:discover_packages(ignore) using defaults
[2.910s] Level 1:colcon.colcon_core.package_discovery:discover_packages(path) discover
[2.910s] Level 1:colcon.colcon_core.package_discovery:discover_packages(path) using defaults
[3.038s] Level 1:colcon.colcon_core.package_discovery:discover_packages(prefix_path) check parameters
[3.038s] Level 1:colcon.colcon_core.package_discovery:discover_packages(prefix_path) discover
[3.051s] DEBUG:colcon.colcon_installed_package_information.package_discovery:Found 1 installed packages in /home/camel/f112th_2501_camel_rpi4/install
[3.058s] DEBUG:colcon.colcon_installed_package_information.package_discovery:Found 180 installed packages in /opt/ros/humble
[3.063s] Level 1:colcon.colcon_core.package_discovery:discover_packages(prefix_path) using defaults
[3.174s] Level 5:colcon.colcon_core.verb:set package 'f112th_2501_control_teleop_pi' build argument 'cmake_args' from command line to 'None'
[3.175s] Level 5:colcon.colcon_core.verb:set package 'f112th_2501_control_teleop_pi' build argument 'cmake_target' from command line to 'None'
[3.175s] Level 5:colcon.colcon_core.verb:set package 'f112th_2501_control_teleop_pi' build argument 'cmake_target_skip_unavailable' from command line to 'False'
[3.175s] Level 5:colcon.colcon_core.verb:set package 'f112th_2501_control_teleop_pi' build argument 'cmake_clean_cache' from command line to 'False'
[3.175s] Level 5:colcon.colcon_core.verb:set package 'f112th_2501_control_teleop_pi' build argument 'cmake_clean_first' from command line to 'False'
[3.175s] Level 5:colcon.colcon_core.verb:set package 'f112th_2501_control_teleop_pi' build argument 'cmake_force_configure' from command line to 'False'
[3.175s] Level 5:colcon.colcon_core.verb:set package 'f112th_2501_control_teleop_pi' build argument 'ament_cmake_args' from command line to 'None'
[3.175s] Level 5:colcon.colcon_core.verb:set package 'f112th_2501_control_teleop_pi' build argument 'catkin_cmake_args' from command line to 'None'
[3.176s] Level 5:colcon.colcon_core.verb:set package 'f112th_2501_control_teleop_pi' build argument 'catkin_skip_building_tests' from command line to 'False'
[3.176s] DEBUG:colcon.colcon_core.verb:Building package 'f112th_2501_control_teleop_pi' with the following arguments: {'ament_cmake_args': None, 'build_base': '/home/camel/f112th_2501_camel_rpi4/build/f112th_2501_control_teleop_pi', 'catkin_cmake_args': None, 'catkin_skip_building_tests': False, 'cmake_args': None, 'cmake_clean_cache': False, 'cmake_clean_first': False, 'cmake_force_configure': False, 'cmake_target': None, 'cmake_target_skip_unavailable': False, 'install_base': '/home/camel/f112th_2501_camel_rpi4/install/f112th_2501_control_teleop_pi', 'merge_install': False, 'path': '/home/camel/f112th_2501_camel_rpi4/src/f112th_2501_control_teleop_pi', 'symlink_install': False, 'test_result_base': None}
[3.176s] INFO:colcon.colcon_core.executor:Executing jobs using 'parallel' executor
[3.179s] DEBUG:colcon.colcon_parallel_executor.executor.parallel:run_until_complete
[3.180s] INFO:colcon.colcon_core.task.python.build:Building Python package in '/home/camel/f112th_2501_camel_rpi4/src/f112th_2501_control_teleop_pi'
[3.200s] INFO:colcon.colcon_core.plugin_system:Skipping extension 'colcon_core.shell.bat': Not used on non-Windows systems
[3.201s] INFO:colcon.colcon_core.shell:Skip shell extension 'powershell' for command environment: Not usable outside of PowerShell
[3.201s] DEBUG:colcon.colcon_core.shell:Skip shell extension 'dsv' for command environment
[6.056s] DEBUG:colcon.colcon_core.event_handler.log_command:Invoking command in '/home/camel/f112th_2501_camel_rpi4/build/f112th_2501_control_teleop_pi': PYTHONPATH=/home/camel/f112th_2501_camel_rpi4/build/f112th_2501_control_teleop_pi/prefix_override:/usr/lib/python3/dist-packages/colcon_core/task/python/colcon_distutils_commands:/home/camel/f112th_2501_camel_rpi4/install/f112th_2501_control_teleop_pi/lib/python3.10/site-packages:${PYTHONPATH} /usr/bin/python3 -W ignore:setup.py install is deprecated -W ignore:easy_install command is deprecated setup.py develop --uninstall --editable --build-directory /home/camel/f112th_2501_camel_rpi4/build/f112th_2501_control_teleop_pi/build
[7.679s] DEBUG:colcon.colcon_core.event_handler.log_command:Invoked command in '/home/camel/f112th_2501_camel_rpi4/build/f112th_2501_control_teleop_pi' returned '0': PYTHONPATH=/home/camel/f112th_2501_camel_rpi4/build/f112th_2501_control_teleop_pi/prefix_override:/usr/lib/python3/dist-packages/colcon_core/task/python/colcon_distutils_commands:/home/camel/f112th_2501_camel_rpi4/install/f112th_2501_control_teleop_pi/lib/python3.10/site-packages:${PYTHONPATH} /usr/bin/python3 -W ignore:setup.py install is deprecated -W ignore:easy_install command is deprecated setup.py develop --uninstall --editable --build-directory /home/camel/f112th_2501_camel_rpi4/build/f112th_2501_control_teleop_pi/build
[7.687s] DEBUG:colcon.colcon_core.event_handler.log_command:Invoking command in '/home/camel/f112th_2501_camel_rpi4/src/f112th_2501_control_teleop_pi': PYTHONPATH=/home/camel/f112th_2501_camel_rpi4/build/f112th_2501_control_teleop_pi/prefix_override:/usr/lib/python3/dist-packages/colcon_core/task/python/colcon_distutils_commands:/home/camel/f112th_2501_camel_rpi4/install/f112th_2501_control_teleop_pi/lib/python3.10/site-packages:${PYTHONPATH} /usr/bin/python3 -W ignore:setup.py install is deprecated -W ignore:easy_install command is deprecated setup.py egg_info --egg-base ../../build/f112th_2501_control_teleop_pi build --build-base /home/camel/f112th_2501_camel_rpi4/build/f112th_2501_control_teleop_pi/build install --record /home/camel/f112th_2501_camel_rpi4/build/f112th_2501_control_teleop_pi/install.log --single-version-externally-managed install_data --force
[8.807s] DEBUG:colcon.colcon_core.event_handler.log_command:Invoked command in '/home/camel/f112th_2501_camel_rpi4/src/f112th_2501_control_teleop_pi' returned '0': PYTHONPATH=/home/camel/f112th_2501_camel_rpi4/build/f112th_2501_control_teleop_pi/prefix_override:/usr/lib/python3/dist-packages/colcon_core/task/python/colcon_distutils_commands:/home/camel/f112th_2501_camel_rpi4/install/f112th_2501_control_teleop_pi/lib/python3.10/site-packages:${PYTHONPATH} /usr/bin/python3 -W ignore:setup.py install is deprecated -W ignore:easy_install command is deprecated setup.py egg_info --egg-base ../../build/f112th_2501_control_teleop_pi build --build-base /home/camel/f112th_2501_camel_rpi4/build/f112th_2501_control_teleop_pi/build install --record /home/camel/f112th_2501_camel_rpi4/build/f112th_2501_control_teleop_pi/install.log --single-version-externally-managed install_data --force
[8.833s] Level 1:colcon.colcon_core.environment:checking '/home/camel/f112th_2501_camel_rpi4/install/f112th_2501_control_teleop_pi' for CMake module files
[8.837s] Level 1:colcon.colcon_core.environment:checking '/home/camel/f112th_2501_camel_rpi4/install/f112th_2501_control_teleop_pi' for CMake config files
[8.841s] Level 1:colcon.colcon_core.environment:checking '/home/camel/f112th_2501_camel_rpi4/install/f112th_2501_control_teleop_pi/lib'
[8.842s] Level 1:colcon.colcon_core.environment:checking '/home/camel/f112th_2501_camel_rpi4/install/f112th_2501_control_teleop_pi/bin'
[8.842s] Level 1:colcon.colcon_core.environment:checking '/home/camel/f112th_2501_camel_rpi4/install/f112th_2501_control_teleop_pi/lib/pkgconfig/f112th_2501_control_teleop_pi.pc'
[8.843s] Level 1:colcon.colcon_core.environment:checking '/home/camel/f112th_2501_camel_rpi4/install/f112th_2501_control_teleop_pi/lib/python3.10/site-packages'
[8.843s] Level 1:colcon.colcon_core.shell:create_environment_hook('f112th_2501_control_teleop_pi', 'pythonpath')
[8.844s] INFO:colcon.colcon_core.shell:Creating environment hook '/home/camel/f112th_2501_camel_rpi4/install/f112th_2501_control_teleop_pi/share/f112th_2501_control_teleop_pi/hook/pythonpath.ps1'
[8.849s] INFO:colcon.colcon_core.shell:Creating environment descriptor '/home/camel/f112th_2501_camel_rpi4/install/f112th_2501_control_teleop_pi/share/f112th_2501_control_teleop_pi/hook/pythonpath.dsv'
[8.855s] INFO:colcon.colcon_core.shell:Creating environment hook '/home/camel/f112th_2501_camel_rpi4/install/f112th_2501_control_teleop_pi/share/f112th_2501_control_teleop_pi/hook/pythonpath.sh'
[8.860s] Level 1:colcon.colcon_core.environment:checking '/home/camel/f112th_2501_camel_rpi4/install/f112th_2501_control_teleop_pi/bin'
[8.860s] Level 1:colcon.colcon_core.environment:create_environment_scripts_only(f112th_2501_control_teleop_pi)
[8.862s] INFO:colcon.colcon_core.shell:Creating package script '/home/camel/f112th_2501_camel_rpi4/install/f112th_2501_control_teleop_pi/share/f112th_2501_control_teleop_pi/package.ps1'
[8.866s] INFO:colcon.colcon_core.shell:Creating package descriptor '/home/camel/f112th_2501_camel_rpi4/install/f112th_2501_control_teleop_pi/share/f112th_2501_control_teleop_pi/package.dsv'
[8.869s] INFO:colcon.colcon_core.shell:Creating package script '/home/camel/f112th_2501_camel_rpi4/install/f112th_2501_control_teleop_pi/share/f112th_2501_control_teleop_pi/package.sh'
[8.873s] INFO:colcon.colcon_core.shell:Creating package script '/home/camel/f112th_2501_camel_rpi4/install/f112th_2501_control_teleop_pi/share/f112th_2501_control_teleop_pi/package.bash'
[8.877s] INFO:colcon.colcon_core.shell:Creating package script '/home/camel/f112th_2501_camel_rpi4/install/f112th_2501_control_teleop_pi/share/f112th_2501_control_teleop_pi/package.zsh'
[8.882s] Level 1:colcon.colcon_core.environment:create_file_with_runtime_dependencies(/home/camel/f112th_2501_camel_rpi4/install/f112th_2501_control_teleop_pi/share/colcon-core/packages/f112th_2501_control_teleop_pi)
[8.883s] DEBUG:colcon.colcon_parallel_executor.executor.parallel:closing loop
[8.884s] DEBUG:colcon.colcon_parallel_executor.executor.parallel:loop closed
[8.885s] DEBUG:colcon.colcon_parallel_executor.executor.parallel:run_until_complete finished with '0'
[8.885s] DEBUG:colcon.colcon_core.event_reactor:joining thread
[8.944s] INFO:colcon.colcon_core.plugin_system:Skipping extension 'colcon_notification.desktop_notification.notify_send': Could not find 'notify-send'
[8.945s] INFO:colcon.colcon_core.plugin_system:Skipping extension 'colcon_notification.desktop_notification.terminal_notifier': Not used on non-Darwin systems
[8.945s] INFO:colcon.colcon_core.plugin_system:Skipping extension 'colcon_notification.desktop_notification.win32': Not used on non-Windows systems
[8.945s] INFO:colcon.colcon_notification.desktop_notification:Sending desktop notification using 'notify2'
[9.020s] DEBUG:colcon.colcon_notification.desktop_notification.notify2:Failed to initialize notify2: org.freedesktop.DBus.Error.ServiceUnknown: The name org.freedesktop.Notifications was not provided by any .service files
[9.021s] DEBUG:colcon.colcon_core.event_reactor:joined thread
[9.022s] INFO:colcon.colcon_core.shell:Creating prefix script '/home/camel/f112th_2501_camel_rpi4/install/local_setup.ps1'
[9.027s] INFO:colcon.colcon_core.shell:Creating prefix util module '/home/camel/f112th_2501_camel_rpi4/install/_local_setup_util_ps1.py'
[9.034s] INFO:colcon.colcon_core.shell:Creating prefix chain script '/home/camel/f112th_2501_camel_rpi4/install/setup.ps1'
[9.040s] INFO:colcon.colcon_core.shell:Creating prefix script '/home/camel/f112th_2501_camel_rpi4/install/local_setup.sh'
[9.043s] INFO:colcon.colcon_core.shell:Creating prefix util module '/home/camel/f112th_2501_camel_rpi4/install/_local_setup_util_sh.py'
[9.046s] INFO:colcon.colcon_core.shell:Creating prefix chain script '/home/camel/f112th_2501_camel_rpi4/install/setup.sh'
[9.052s] INFO:colcon.colcon_core.shell:Creating prefix script '/home/camel/f112th_2501_camel_rpi4/install/local_setup.bash'
[9.056s] INFO:colcon.colcon_core.shell:Creating prefix chain script '/home/camel/f112th_2501_camel_rpi4/install/setup.bash'
[9.060s] INFO:colcon.colcon_core.shell:Creating prefix script '/home/camel/f112th_2501_camel_rpi4/install/local_setup.zsh'
[9.064s] INFO:colcon.colcon_core.shell:Creating prefix chain script '/home/camel/f112th_2501_camel_rpi4/install/setup.zsh'
