running develop
Removing /home/camel/f112th_2501_camel_rpi4/install/f112th_2501_control_teleop_pi/lib/python3.10/site-packages/f112th-2501-control-teleop-pi.egg-link (link to .)
running egg_info
writing ../../build/f112th_2501_control_teleop_pi/f112th_2501_control_teleop_pi.egg-info/PKG-INFO
writing dependency_links to ../../build/f112th_2501_control_teleop_pi/f112th_2501_control_teleop_pi.egg-info/dependency_links.txt
writing entry points to ../../build/f112th_2501_control_teleop_pi/f112th_2501_control_teleop_pi.egg-info/entry_points.txt
writing requirements to ../../build/f112th_2501_control_teleop_pi/f112th_2501_control_teleop_pi.egg-info/requires.txt
writing top-level names to ../../build/f112th_2501_control_teleop_pi/f112th_2501_control_teleop_pi.egg-info/top_level.txt
reading manifest file '../../build/f112th_2501_control_teleop_pi/f112th_2501_control_teleop_pi.egg-info/SOURCES.txt'
writing manifest file '../../build/f112th_2501_control_teleop_pi/f112th_2501_control_teleop_pi.egg-info/SOURCES.txt'
running build
running build_py
copying f112th_2501_control_teleop_pi/hardware_teleop.py -> /home/camel/f112th_2501_camel_rpi4/build/f112th_2501_control_teleop_pi/build/lib/f112th_2501_control_teleop_pi
copying f112th_2501_control_teleop_pi/servo_esc_test.py -> /home/camel/f112th_2501_camel_rpi4/build/f112th_2501_control_teleop_pi/build/lib/f112th_2501_control_teleop_pi
running install
running install_lib
copying /home/camel/f112th_2501_camel_rpi4/build/f112th_2501_control_teleop_pi/build/lib/f112th_2501_control_teleop_pi/hardware_teleop.py -> /home/camel/f112th_2501_camel_rpi4/install/f112th_2501_control_teleop_pi/lib/python3.10/site-packages/f112th_2501_control_teleop_pi
copying /home/camel/f112th_2501_camel_rpi4/build/f112th_2501_control_teleop_pi/build/lib/f112th_2501_control_teleop_pi/servo_esc_test.py -> /home/camel/f112th_2501_camel_rpi4/install/f112th_2501_control_teleop_pi/lib/python3.10/site-packages/f112th_2501_control_teleop_pi
byte-compiling /home/camel/f112th_2501_camel_rpi4/install/f112th_2501_control_teleop_pi/lib/python3.10/site-packages/f112th_2501_control_teleop_pi/hardware_teleop.py to hardware_teleop.cpython-310.pyc
byte-compiling /home/camel/f112th_2501_camel_rpi4/install/f112th_2501_control_teleop_pi/lib/python3.10/site-packages/f112th_2501_control_teleop_pi/servo_esc_test.py to servo_esc_test.cpython-310.pyc
running install_data
copying resource/f112th_2501_control_teleop_pi -> /home/camel/f112th_2501_camel_rpi4/install/f112th_2501_control_teleop_pi/share/ament_index/resource_index/packages
copying package.xml -> /home/camel/f112th_2501_camel_rpi4/install/f112th_2501_control_teleop_pi/share/f112th_2501_control_teleop_pi
running install_egg_info
removing '/home/camel/f112th_2501_camel_rpi4/install/f112th_2501_control_teleop_pi/lib/python3.10/site-packages/f112th_2501_control_teleop_pi-1.0.0-py3.10.egg-info' (and everything under it)
Copying ../../build/f112th_2501_control_teleop_pi/f112th_2501_control_teleop_pi.egg-info to /home/camel/f112th_2501_camel_rpi4/install/f112th_2501_control_teleop_pi/lib/python3.10/site-packages/f112th_2501_control_teleop_pi-1.0.0-py3.10.egg-info
running install_scripts
Installing hardware_teleop script to /home/camel/f112th_2501_camel_rpi4/install/f112th_2501_control_teleop_pi/lib/f112th_2501_control_teleop_pi
writing list of installed files to '/home/camel/f112th_2501_camel_rpi4/build/f112th_2501_control_teleop_pi/install.log'
