[2.874s] Invoking command in '/home/camel/f112th_2501_camel_rpi4/build/f112th_2501_control_teleop_pi': PYTHONPATH=/home/camel/f112th_2501_camel_rpi4/build/f112th_2501_control_teleop_pi/prefix_override:/usr/lib/python3/dist-packages/colcon_core/task/python/colcon_distutils_commands:/home/camel/f112th_2501_camel_rpi4/install/f112th_2501_control_teleop_pi/lib/python3.10/site-packages:${PYTHONPATH} /usr/bin/python3 -W ignore:setup.py install is deprecated -W ignore:easy_install command is deprecated setup.py develop --uninstall --editable --build-directory /home/camel/f112th_2501_camel_rpi4/build/f112th_2501_control_teleop_pi/build
[3.839s] running develop
[4.376s] Removing /home/camel/f112th_2501_camel_rpi4/install/f112th_2501_control_teleop_pi/lib/python3.10/site-packages/f112th-2501-control-teleop-pi.egg-link (link to .)
[4.497s] Invoked command in '/home/camel/f112th_2501_camel_rpi4/build/f112th_2501_control_teleop_pi' returned '0': PYTHONPATH=/home/camel/f112th_2501_camel_rpi4/build/f112th_2501_control_teleop_pi/prefix_override:/usr/lib/python3/dist-packages/colcon_core/task/python/colcon_distutils_commands:/home/camel/f112th_2501_camel_rpi4/install/f112th_2501_control_teleop_pi/lib/python3.10/site-packages:${PYTHONPATH} /usr/bin/python3 -W ignore:setup.py install is deprecated -W ignore:easy_install command is deprecated setup.py develop --uninstall --editable --build-directory /home/camel/f112th_2501_camel_rpi4/build/f112th_2501_control_teleop_pi/build
[4.505s] Invoking command in '/home/camel/f112th_2501_camel_rpi4/src/f112th_2501_control_teleop_pi': PYTHONPATH=/home/camel/f112th_2501_camel_rpi4/build/f112th_2501_control_teleop_pi/prefix_override:/usr/lib/python3/dist-packages/colcon_core/task/python/colcon_distutils_commands:/home/camel/f112th_2501_camel_rpi4/install/f112th_2501_control_teleop_pi/lib/python3.10/site-packages:${PYTHONPATH} /usr/bin/python3 -W ignore:setup.py install is deprecated -W ignore:easy_install command is deprecated setup.py egg_info --egg-base ../../build/f112th_2501_control_teleop_pi build --build-base /home/camel/f112th_2501_camel_rpi4/build/f112th_2501_control_teleop_pi/build install --record /home/camel/f112th_2501_camel_rpi4/build/f112th_2501_control_teleop_pi/install.log --single-version-externally-managed install_data --force
[5.378s] running egg_info
[5.381s] writing ../../build/f112th_2501_control_teleop_pi/f112th_2501_control_teleop_pi.egg-info/PKG-INFO
[5.382s] writing dependency_links to ../../build/f112th_2501_control_teleop_pi/f112th_2501_control_teleop_pi.egg-info/dependency_links.txt
[5.383s] writing entry points to ../../build/f112th_2501_control_teleop_pi/f112th_2501_control_teleop_pi.egg-info/entry_points.txt
[5.384s] writing requirements to ../../build/f112th_2501_control_teleop_pi/f112th_2501_control_teleop_pi.egg-info/requires.txt
[5.384s] writing top-level names to ../../build/f112th_2501_control_teleop_pi/f112th_2501_control_teleop_pi.egg-info/top_level.txt
[5.392s] reading manifest file '../../build/f112th_2501_control_teleop_pi/f112th_2501_control_teleop_pi.egg-info/SOURCES.txt'
[5.397s] writing manifest file '../../build/f112th_2501_control_teleop_pi/f112th_2501_control_teleop_pi.egg-info/SOURCES.txt'
[5.397s] running build
[5.398s] running build_py
[5.399s] copying f112th_2501_control_teleop_pi/hardware_teleop.py -> /home/camel/f112th_2501_camel_rpi4/build/f112th_2501_control_teleop_pi/build/lib/f112th_2501_control_teleop_pi
[5.400s] copying f112th_2501_control_teleop_pi/servo_esc_test.py -> /home/camel/f112th_2501_camel_rpi4/build/f112th_2501_control_teleop_pi/build/lib/f112th_2501_control_teleop_pi
[5.402s] running install
[5.403s] running install_lib
[5.407s] copying /home/camel/f112th_2501_camel_rpi4/build/f112th_2501_control_teleop_pi/build/lib/f112th_2501_control_teleop_pi/hardware_teleop.py -> /home/camel/f112th_2501_camel_rpi4/install/f112th_2501_control_teleop_pi/lib/python3.10/site-packages/f112th_2501_control_teleop_pi
[5.408s] copying /home/camel/f112th_2501_camel_rpi4/build/f112th_2501_control_teleop_pi/build/lib/f112th_2501_control_teleop_pi/servo_esc_test.py -> /home/camel/f112th_2501_camel_rpi4/install/f112th_2501_control_teleop_pi/lib/python3.10/site-packages/f112th_2501_control_teleop_pi
[5.411s] byte-compiling /home/camel/f112th_2501_camel_rpi4/install/f112th_2501_control_teleop_pi/lib/python3.10/site-packages/f112th_2501_control_teleop_pi/hardware_teleop.py to hardware_teleop.cpython-310.pyc
[5.414s] byte-compiling /home/camel/f112th_2501_camel_rpi4/install/f112th_2501_control_teleop_pi/lib/python3.10/site-packages/f112th_2501_control_teleop_pi/servo_esc_test.py to servo_esc_test.cpython-310.pyc
[5.415s] running install_data
[5.416s] copying resource/f112th_2501_control_teleop_pi -> /home/camel/f112th_2501_camel_rpi4/install/f112th_2501_control_teleop_pi/share/ament_index/resource_index/packages
[5.418s] copying package.xml -> /home/camel/f112th_2501_camel_rpi4/install/f112th_2501_control_teleop_pi/share/f112th_2501_control_teleop_pi
[5.419s] running install_egg_info
[5.426s] removing '/home/camel/f112th_2501_camel_rpi4/install/f112th_2501_control_teleop_pi/lib/python3.10/site-packages/f112th_2501_control_teleop_pi-1.0.0-py3.10.egg-info' (and everything under it)
[5.428s] Copying ../../build/f112th_2501_control_teleop_pi/f112th_2501_control_teleop_pi.egg-info to /home/camel/f112th_2501_camel_rpi4/install/f112th_2501_control_teleop_pi/lib/python3.10/site-packages/f112th_2501_control_teleop_pi-1.0.0-py3.10.egg-info
[5.435s] running install_scripts
[5.512s] Installing hardware_teleop script to /home/camel/f112th_2501_camel_rpi4/install/f112th_2501_control_teleop_pi/lib/f112th_2501_control_teleop_pi
[5.514s] writing list of installed files to '/home/camel/f112th_2501_camel_rpi4/build/f112th_2501_control_teleop_pi/install.log'
[5.625s] Invoked command in '/home/camel/f112th_2501_camel_rpi4/src/f112th_2501_control_teleop_pi' returned '0': PYTHONPATH=/home/camel/f112th_2501_camel_rpi4/build/f112th_2501_control_teleop_pi/prefix_override:/usr/lib/python3/dist-packages/colcon_core/task/python/colcon_distutils_commands:/home/camel/f112th_2501_camel_rpi4/install/f112th_2501_control_teleop_pi/lib/python3.10/site-packages:${PYTHONPATH} /usr/bin/python3 -W ignore:setup.py install is deprecated -W ignore:easy_install command is deprecated setup.py egg_info --egg-base ../../build/f112th_2501_control_teleop_pi build --build-base /home/camel/f112th_2501_camel_rpi4/build/f112th_2501_control_teleop_pi/build install --record /home/camel/f112th_2501_camel_rpi4/build/f112th_2501_control_teleop_pi/install.log --single-version-externally-managed install_data --force
